[debug] [2020-02-29T06:42:30.464Z] ----------------------------------------------------------------------
[debug] [2020-02-29T06:42:30.472Z] Command:       C:\Program Files\nodejs\node.exe C:\Users\pc\AppData\Roaming\npm\node_modules\firebase-tools\lib\bin\firebase.js deploy
[debug] [2020-02-29T06:42:30.472Z] CLI Version:   7.13.1
[debug] [2020-02-29T06:42:30.473Z] Platform:      win32
[debug] [2020-02-29T06:42:30.473Z] Node Version:  v13.1.0
[debug] [2020-02-29T06:42:30.479Z] Time:          Sat Feb 29 2020 02:42:30 GMT-0400 (hora de Venezuela)
[debug] [2020-02-29T06:42:30.480Z] ----------------------------------------------------------------------
[debug] [2020-02-29T06:42:30.480Z] 
[debug] [2020-02-29T06:42:30.521Z] > command requires scopes: ["email","openid","https://www.googleapis.com/auth/cloudplatformprojects.readonly","https://www.googleapis.com/auth/firebase","https://www.googleapis.com/auth/cloud-platform"]
[debug] [2020-02-29T06:42:30.524Z] > authorizing via signed-in user
[debug] [2020-02-29T06:42:30.524Z] [iam] checking project administrador-de-pacientes for permissions ["firebase.projects.get","firebasehosting.sites.update"]
[debug] [2020-02-29T06:42:30.533Z] >>> HTTP REQUEST POST https://cloudresourcemanager.googleapis.com/v1/projects/administrador-de-pacientes:testIamPermissions  

[debug] [2020-02-29T06:42:41.669Z] <<< HTTP RESPONSE 200
[debug] [2020-02-29T06:42:41.678Z] >>> HTTP REQUEST GET https://firebase.googleapis.com/v1beta1/projects/administrador-de-pacientes  
 
[debug] [2020-02-29T06:42:49.536Z] <<< HTTP RESPONSE 200
[info] 
[info] === Deploying to 'administrador-de-pacientes'...
[info] 
[info] i  deploying hosting
[debug] [2020-02-29T06:42:49.557Z] >>> HTTP REQUEST POST https://firebasehosting.googleapis.com/v1beta1/sites/administrador-de-pacientes/versions  

